<!DOCTYPE html PUBLIC "-//W3C//DTD XHTML 1.1//EN" "http://www.w3.org/TR/xhtml11/DTD/xhtml11.dtd">
<html xmlns="http://www.w3.org/1999/xhtml"><head><title>TestNG Report</title><style type="text/css">table {margin-bottom:10px;border-collapse:collapse;empty-cells:show}th,td {border:1px solid #009;padding:.25em .5em}th {vertical-align:bottom}td {vertical-align:top}table a {font-weight:bold}.stripe td {background-color: #E6EBF9}.num {text-align:right}.passedodd td {background-color: #3F3}.passedeven td {background-color: #0A0}.skippedodd td {background-color: #DDD}.skippedeven td {background-color: #CCC}.failedodd td,.attn {background-color: #F33}.failedeven td,.stripe .attn {background-color: #D00}.stacktrace {white-space:pre;font-family:monospace}.totop {font-size:85%;text-align:center;border-bottom:2px solid #000}</style></head><body><table><tr><th>Test</th><th># Passed</th><th># Skipped</th><th># Failed</th><th>Time (ms)</th><th>Included Groups</th><th>Excluded Groups</th></tr><tr><th colspan="7">Suite</th></tr><tr><td><a href="#t0">Test</a></td><td class="num">4</td><td class="num">0</td><td class="num">0</td><td class="num">75,930</td><td></td><td></td></tr><tr><th colspan="7">Suite (0)</th></tr><tr class="stripe"><td><a href="#t1">Test</a></td><td class="num">5</td><td class="num">0</td><td class="num attn">3</td><td class="num">215,476</td><td></td><td></td></tr><tr><th colspan="7">AutomationSuite</th></tr><tr><th>Total</th><th class="num">9</th><th class="num">0</th><th class="num attn">3</th><th class="num">291,406</th><th colspan="2"></th></tr></table><table id='summary'><thead><tr><th>Class</th><th>Method</th><th>Start</th><th>Time (ms)</th></tr></thead><tbody><tr><th colspan="4">Suite</th></tr></tbody><tbody id="t0"><tr><th colspan="4">Test &#8212; passed</th></tr><tr class="passedeven"><td rowspan="1">testCaseScenarios.smoke.TC001_HomePage</td><td><a href="#m0">checkParentContainer</a></td><td rowspan="1">1644637836252</td><td rowspan="1">8905</td></tr><tr class="passedodd"><td rowspan="1">testCaseScenarios.smoke.TC002_ShoppingProducts</td><td><a href="#m1">clickShopProducts</a></td><td rowspan="1">1644637846002</td><td rowspan="1">37871</td></tr><tr class="passedeven"><td rowspan="1">testCaseScenarios.smoke.TC003_ViewtheCart</td><td><a href="#m2">clickShoppingCart</a></td><td rowspan="1">1644637883988</td><td rowspan="1">4843</td></tr><tr class="passedodd"><td rowspan="1">testCaseScenarios.smoke.TC004_EmptytheCart</td><td><a href="#m3">clickEmptyCart</a></td><td rowspan="1">1644637888879</td><td rowspan="1">23203</td></tr></tbody><tbody><tr><th colspan="4">Suite (0)</th></tr></tbody><tbody id="t1"><tr><th colspan="4">Test &#8212; failed</th></tr><tr class="failedeven"><td rowspan="1">testCaseScenarios.regression.TC001_Register</td><td><a href="#m4">clickRegister</a></td><td rowspan="1">1644637912184</td><td rowspan="1">41305</td></tr><tr class="failedodd"><td rowspan="1">testCaseScenarios.regression.TC002_Login</td><td><a href="#m5">clickLogin</a></td><td rowspan="1">1644637988908</td><td rowspan="1">34244</td></tr><tr class="failedeven"><td rowspan="1">testCaseScenarios.regression.TC009_Logout</td><td><a href="#m6">clickLogout</a></td><td rowspan="1">1644637954005</td><td rowspan="1">34312</td></tr><tr><th colspan="4">Test &#8212; passed</th></tr><tr class="passedeven"><td rowspan="1">testCaseScenarios.regression.TC003_ShopProducts</td><td><a href="#m7">clickShopProducts</a></td><td rowspan="1">1644638023408</td><td rowspan="1">37105</td></tr><tr class="passedodd"><td rowspan="1">testCaseScenarios.regression.TC004_ViewCart</td><td><a href="#m8">clickShoppingCart</a></td><td rowspan="1">1644638060678</td><td rowspan="1">5023</td></tr><tr class="passedeven"><td rowspan="1">testCaseScenarios.regression.TC006_ContactUs</td><td><a href="#m9">clickContactUs</a></td><td rowspan="1">1644638090559</td><td rowspan="1">15804</td></tr><tr class="passedodd"><td rowspan="1">testCaseScenarios.regression.TC007_Returns</td><td><a href="#m10">clickReturns</a></td><td rowspan="1">1644638106449</td><td rowspan="1">21081</td></tr><tr class="passedeven"><td rowspan="1">testCaseScenarios.regression.TC008_EmptyCart</td><td><a href="#m11">clickEmptyCart</a></td><td rowspan="1">1644638065785</td><td rowspan="1">24682</td></tr></tbody><tbody><tr><th colspan="4">AutomationSuite</th></tr></tbody></table><h2>Test</h2><h3 id="m0">testCaseScenarios.smoke.TC001_HomePage#checkParentContainer</h3><table class="result"></table><p class="totop"><a href="#summary">back to summary</a></p><h3 id="m1">testCaseScenarios.smoke.TC002_ShoppingProducts#clickShopProducts</h3><table class="result"></table><p class="totop"><a href="#summary">back to summary</a></p><h3 id="m2">testCaseScenarios.smoke.TC003_ViewtheCart#clickShoppingCart</h3><table class="result"></table><p class="totop"><a href="#summary">back to summary</a></p><h3 id="m3">testCaseScenarios.smoke.TC004_EmptytheCart#clickEmptyCart</h3><table class="result"></table><p class="totop"><a href="#summary">back to summary</a></p><h2>Test</h2><h3 id="m4">testCaseScenarios.regression.TC001_Register#clickRegister</h3><table class="result"><tr><th>Exception</th></tr><tr><td><div class="stacktrace">org.openqa.selenium.NoSuchElementException: no such element: Unable to locate element: {&quot;method&quot;:&quot;xpath&quot;,&quot;selector&quot;:&quot;//h1[contains(text(),&apos;Your Account Has Been Created!&apos;)]&quot;}
  (Session info: chrome=98.0.4758.82)
  (Driver info: chromedriver=97.0.4692.71 (adefa7837d02a07a604c1e6eff0b3a09422ab88d-refs/branch-heads/4692@{#1247}),platform=Windows NT 10.0.19043 x86_64) (WARNING: The server did not provide any stacktrace information)
Command duration or timeout: 30.09 seconds
For documentation on this error, please visit: http://seleniumhq.org/exceptions/no_such_element.html
Build info: version: &apos;2.53.1&apos;, revision: &apos;a36b8b1cd5757287168e54b817830adce9b0158d&apos;, time: &apos;2016-06-30 19:26:09&apos;
System info: host: &apos;DESKTOP-MUUF13S&apos;, ip: &apos;172.22.32.1&apos;, os.name: &apos;Windows 10&apos;, os.arch: &apos;amd64&apos;, os.version: &apos;10.0&apos;, java.version: &apos;1.8.0_241&apos;
Driver info: org.openqa.selenium.chrome.ChromeDriver
Capabilities [{mobileEmulationEnabled=false, timeouts={implicit=0, pageLoad=300000, script=30000}, hasTouchScreen=false, platform=XP, acceptSslCerts=false, goog:chromeOptions={debuggerAddress=localhost:52355}, webauthn:extension:credBlob=true, acceptInsecureCerts=false, webStorageEnabled=true, browserName=chrome, takesScreenshot=true, javascriptEnabled=true, setWindowRect=true, webauthn:extension:largeBlob=true, unexpectedAlertBehaviour=ignore, applicationCacheEnabled=false, rotatable=false, networkConnectionEnabled=false, chrome={chromedriverVersion=97.0.4692.71 (adefa7837d02a07a604c1e6eff0b3a09422ab88d-refs/branch-heads/4692@{#1247}), userDataDir=C:\Users\ganga\AppData\Local\Temp\scoped_dir11920_418661156}, takesHeapSnapshot=true, pageLoadStrategy=normal, strictFileInteractability=false, databaseEnabled=false, handlesAlerts=true, version=98.0.4758.82, browserConnectionEnabled=false, proxy={}, nativeEvents=true, locationContextEnabled=true, cssSelectorsEnabled=true, webauthn:virtualAuthenticators=true}]
Session ID: 45b8f53c271b06712355cd6e26cc5340
*** Element info: {Using=xpath, value=//h1[contains(text(),&apos;Your Account Has Been Created!&apos;)]}
	at org.openqa.selenium.remote.ErrorHandler.createThrowable(ErrorHandler.java:206)
	at org.openqa.selenium.remote.ErrorHandler.throwIfResponseFailed(ErrorHandler.java:158)
	at org.openqa.selenium.remote.RemoteWebDriver.execute(RemoteWebDriver.java:678)
	at org.openqa.selenium.remote.RemoteWebDriver.findElement(RemoteWebDriver.java:363)
	at org.openqa.selenium.remote.RemoteWebDriver.findElementByXPath(RemoteWebDriver.java:500)
	at org.openqa.selenium.By$ByXPath.findElement(By.java:361)
	at org.openqa.selenium.remote.RemoteWebDriver.findElement(RemoteWebDriver.java:355)
	at org.openqa.selenium.support.pagefactory.DefaultElementLocator.findElement(DefaultElementLocator.java:69)
	at org.openqa.selenium.support.pagefactory.internal.LocatingElementHandler.invoke(LocatingElementHandler.java:38)
	at com.sun.proxy.$Proxy5.getText(Unknown Source)
	at testCaseScenarios.regression.TC001_Register.clickRegister(TC001_Register.java:45)
... Removed 34 stack frames</div></td></tr></table><p class="totop"><a href="#summary">back to summary</a></p><h3 id="m5">testCaseScenarios.regression.TC002_Login#clickLogin</h3><table class="result"><tr><th>Exception</th></tr><tr><td><div class="stacktrace">org.openqa.selenium.ElementNotVisibleException: element not interactable
  (Session info: chrome=98.0.4758.82)
  (Driver info: chromedriver=97.0.4692.71 (adefa7837d02a07a604c1e6eff0b3a09422ab88d-refs/branch-heads/4692@{#1247}),platform=Windows NT 10.0.19043 x86_64) (WARNING: The server did not provide any stacktrace information)
Command duration or timeout: 30.03 seconds
Build info: version: &apos;2.53.1&apos;, revision: &apos;a36b8b1cd5757287168e54b817830adce9b0158d&apos;, time: &apos;2016-06-30 19:26:09&apos;
System info: host: &apos;DESKTOP-MUUF13S&apos;, ip: &apos;172.22.32.1&apos;, os.name: &apos;Windows 10&apos;, os.arch: &apos;amd64&apos;, os.version: &apos;10.0&apos;, java.version: &apos;1.8.0_241&apos;
Driver info: org.openqa.selenium.chrome.ChromeDriver
Capabilities [{mobileEmulationEnabled=false, timeouts={implicit=0, pageLoad=300000, script=30000}, hasTouchScreen=false, platform=XP, acceptSslCerts=false, goog:chromeOptions={debuggerAddress=localhost:52355}, webauthn:extension:credBlob=true, acceptInsecureCerts=false, webStorageEnabled=true, browserName=chrome, takesScreenshot=true, javascriptEnabled=true, setWindowRect=true, webauthn:extension:largeBlob=true, unexpectedAlertBehaviour=ignore, applicationCacheEnabled=false, rotatable=false, networkConnectionEnabled=false, chrome={chromedriverVersion=97.0.4692.71 (adefa7837d02a07a604c1e6eff0b3a09422ab88d-refs/branch-heads/4692@{#1247}), userDataDir=C:\Users\ganga\AppData\Local\Temp\scoped_dir11920_418661156}, takesHeapSnapshot=true, pageLoadStrategy=normal, strictFileInteractability=false, databaseEnabled=false, handlesAlerts=true, version=98.0.4758.82, browserConnectionEnabled=false, proxy={}, nativeEvents=true, locationContextEnabled=true, cssSelectorsEnabled=true, webauthn:virtualAuthenticators=true}]
Session ID: 45b8f53c271b06712355cd6e26cc5340
	at org.openqa.selenium.remote.ErrorHandler.createThrowable(ErrorHandler.java:206)
	at org.openqa.selenium.remote.ErrorHandler.throwIfResponseFailed(ErrorHandler.java:158)
	at org.openqa.selenium.remote.RemoteWebDriver.execute(RemoteWebDriver.java:678)
	at org.openqa.selenium.remote.RemoteWebElement.execute(RemoteWebElement.java:327)
	at org.openqa.selenium.remote.RemoteWebElement.click(RemoteWebElement.java:85)
	at org.openqa.selenium.support.pagefactory.internal.LocatingElementHandler.invoke(LocatingElementHandler.java:51)
	at com.sun.proxy.$Proxy5.click(Unknown Source)
	at webPages.LoginPage.doLogin(LoginPage.java:46)
	at testCaseScenarios.regression.TC002_Login.clickLogin(TC002_Login.java:29)
... Removed 37 stack frames</div></td></tr></table><p class="totop"><a href="#summary">back to summary</a></p><h3 id="m6">testCaseScenarios.regression.TC009_Logout#clickLogout</h3><table class="result"><tr><th>Exception</th></tr><tr><td><div class="stacktrace">org.openqa.selenium.NoSuchElementException: no such element: Unable to locate element: {&quot;method&quot;:&quot;xpath&quot;,&quot;selector&quot;:&quot;//body/nav[@id=&apos;top&apos;]/div[1]/div[2]/ul[1]/li[2]/ul[1]/li[5]/a[1]&quot;}
  (Session info: chrome=98.0.4758.82)
  (Driver info: chromedriver=97.0.4692.71 (adefa7837d02a07a604c1e6eff0b3a09422ab88d-refs/branch-heads/4692@{#1247}),platform=Windows NT 10.0.19043 x86_64) (WARNING: The server did not provide any stacktrace information)
Command duration or timeout: 30.12 seconds
For documentation on this error, please visit: http://seleniumhq.org/exceptions/no_such_element.html
Build info: version: &apos;2.53.1&apos;, revision: &apos;a36b8b1cd5757287168e54b817830adce9b0158d&apos;, time: &apos;2016-06-30 19:26:09&apos;
System info: host: &apos;DESKTOP-MUUF13S&apos;, ip: &apos;172.22.32.1&apos;, os.name: &apos;Windows 10&apos;, os.arch: &apos;amd64&apos;, os.version: &apos;10.0&apos;, java.version: &apos;1.8.0_241&apos;
Driver info: org.openqa.selenium.chrome.ChromeDriver
Capabilities [{mobileEmulationEnabled=false, timeouts={implicit=0, pageLoad=300000, script=30000}, hasTouchScreen=false, platform=XP, acceptSslCerts=false, goog:chromeOptions={debuggerAddress=localhost:52355}, webauthn:extension:credBlob=true, acceptInsecureCerts=false, webStorageEnabled=true, browserName=chrome, takesScreenshot=true, javascriptEnabled=true, setWindowRect=true, webauthn:extension:largeBlob=true, unexpectedAlertBehaviour=ignore, applicationCacheEnabled=false, rotatable=false, networkConnectionEnabled=false, chrome={chromedriverVersion=97.0.4692.71 (adefa7837d02a07a604c1e6eff0b3a09422ab88d-refs/branch-heads/4692@{#1247}), userDataDir=C:\Users\ganga\AppData\Local\Temp\scoped_dir11920_418661156}, takesHeapSnapshot=true, pageLoadStrategy=normal, strictFileInteractability=false, databaseEnabled=false, handlesAlerts=true, version=98.0.4758.82, browserConnectionEnabled=false, proxy={}, nativeEvents=true, locationContextEnabled=true, cssSelectorsEnabled=true, webauthn:virtualAuthenticators=true}]
Session ID: 45b8f53c271b06712355cd6e26cc5340
*** Element info: {Using=xpath, value=//body/nav[@id=&apos;top&apos;]/div[1]/div[2]/ul[1]/li[2]/ul[1]/li[5]/a[1]}
	at org.openqa.selenium.remote.ErrorHandler.createThrowable(ErrorHandler.java:206)
	at org.openqa.selenium.remote.ErrorHandler.throwIfResponseFailed(ErrorHandler.java:158)
	at org.openqa.selenium.remote.RemoteWebDriver.execute(RemoteWebDriver.java:678)
	at org.openqa.selenium.remote.RemoteWebDriver.findElement(RemoteWebDriver.java:363)
	at org.openqa.selenium.remote.RemoteWebDriver.findElementByXPath(RemoteWebDriver.java:500)
	at org.openqa.selenium.By$ByXPath.findElement(By.java:361)
	at org.openqa.selenium.remote.RemoteWebDriver.findElement(RemoteWebDriver.java:355)
	at org.openqa.selenium.support.pagefactory.DefaultElementLocator.findElement(DefaultElementLocator.java:69)
	at org.openqa.selenium.support.pagefactory.internal.LocatingElementHandler.invoke(LocatingElementHandler.java:38)
	at com.sun.proxy.$Proxy5.click(Unknown Source)
	at webPages.LoginPage.doLogout(LoginPage.java:39)
	at testCaseScenarios.regression.TC009_Logout.clickLogout(TC009_Logout.java:29)
... Removed 34 stack frames</div></td></tr></table><p class="totop"><a href="#summary">back to summary</a></p><h3 id="m7">testCaseScenarios.regression.TC003_ShopProducts#clickShopProducts</h3><table class="result"></table><p class="totop"><a href="#summary">back to summary</a></p><h3 id="m8">testCaseScenarios.regression.TC004_ViewCart#clickShoppingCart</h3><table class="result"></table><p class="totop"><a href="#summary">back to summary</a></p><h3 id="m9">testCaseScenarios.regression.TC006_ContactUs#clickContactUs</h3><table class="result"></table><p class="totop"><a href="#summary">back to summary</a></p><h3 id="m10">testCaseScenarios.regression.TC007_Returns#clickReturns</h3><table class="result"></table><p class="totop"><a href="#summary">back to summary</a></p><h3 id="m11">testCaseScenarios.regression.TC008_EmptyCart#clickEmptyCart</h3><table class="result"></table><p class="totop"><a href="#summary">back to summary</a></p></body></html>